{
  "stats": {
    "suites": 1,
    "tests": 8,
    "passes": 8,
    "pending": 0,
    "failures": 0,
    "start": "2023-11-13T09:01:55.448Z",
    "end": "2023-11-13T09:01:57.354Z",
    "duration": 1906,
    "testsRegistered": 8,
    "passPercent": 100,
    "pendingPercent": 0,
    "other": 0,
    "hasOther": false,
    "skipped": 0,
    "hasSkipped": false
  },
  "results": [
    {
      "uuid": "bcf7127e-875d-4715-8258-52f55a06fa01",
      "title": "",
      "fullFile": "C:\\Users\\Rostyslav_Diakiv1\\Test Repo\\APITesting\\src\\tests\\test.js",
      "file": "\\src\\tests\\test.js",
      "beforeHooks": [],
      "afterHooks": [],
      "tests": [],
      "suites": [
        {
          "uuid": "db21bc18-212e-45bf-bb86-428cabc8349e",
          "title": "Pet Store",
          "fullFile": "C:\\Users\\Rostyslav_Diakiv1\\Test Repo\\APITesting\\src\\tests\\test.js",
          "file": "\\src\\tests\\test.js",
          "beforeHooks": [],
          "afterHooks": [
            {
              "title": "\"after all\" hook in \"Pet Store\"",
              "fullTitle": "Pet Store \"after all\" hook in \"Pet Store\"",
              "timedOut": false,
              "duration": 0,
              "state": null,
              "speed": null,
              "pass": false,
              "fail": false,
              "pending": false,
              "context": null,
              "code": "if (userId) {\n  const response = await axios.delete(`${baseUrl}/user/${userId}`);\n  expect(response.status).to.equal(200);\n}",
              "err": {},
              "uuid": "4d921359-f52d-4726-95b7-979dc49e3975",
              "parentUUID": "db21bc18-212e-45bf-bb86-428cabc8349e",
              "isHook": true,
              "skipped": false
            }
          ],
          "tests": [
            {
              "title": "Verify that allows creating a User",
              "fullTitle": "Pet Store Verify that allows creating a User",
              "timedOut": false,
              "duration": 851,
              "state": "passed",
              "speed": "slow",
              "pass": true,
              "fail": false,
              "pending": false,
              "context": null,
              "code": "const response = await axios.post(`${baseUrl}/user`, {\n  id: 1,\n  username: 'RosD',\n  firstName: 'Rostyk',\n  lastName: 'DD',\n  email: 'RD@example.com',\n  password: 'Password',\n  phone: '0671111111',\n});\n  console.log(response.data);\nexpect(response.status).to.equal(200);\nuserId = response.data.id;",
              "err": {},
              "uuid": "a21f5733-3588-43e8-b7c0-fdedd767b56a",
              "parentUUID": "db21bc18-212e-45bf-bb86-428cabc8349e",
              "isHook": false,
              "skipped": false
            },
            {
              "title": "Verify that allows login as a User",
              "fullTitle": "Pet Store Verify that allows login as a User",
              "timedOut": false,
              "duration": 137,
              "state": "passed",
              "speed": "slow",
              "pass": true,
              "fail": false,
              "pending": false,
              "context": null,
              "code": "const response = await axios.get(`${baseUrl}/user/login?username=RosD&password=password`);\nexpect(response.status).to.equal(200);",
              "err": {},
              "uuid": "8d43aaa2-4976-4d05-80df-38856433d3da",
              "parentUUID": "db21bc18-212e-45bf-bb86-428cabc8349e",
              "isHook": false,
              "skipped": false
            },
            {
              "title": "Verify that allows creating the list of Users",
              "fullTitle": "Pet Store Verify that allows creating the list of Users",
              "timedOut": false,
              "duration": 119,
              "state": "passed",
              "speed": "slow",
              "pass": true,
              "fail": false,
              "pending": false,
              "context": null,
              "code": "const response = await axios.post(`${baseUrl}/user/createWithList`, \n[\n  {\n    \"id\": 2,\n    \"username\": \"TestUsername\",\n    \"firstName\": \"TestFirstName\",\n    \"lastName\": \"TestLastName\",\n    \"email\": \"RDtest@gmail.com\",\n    \"password\": \"Password1\",\n    \"phone\": \"0111111111\",\n    \"userStatus\": 2\n  },\n {\n    \"id\": 3,\n    \"username\": \"TestUsername1\",\n    \"firstName\": \"TestFirstName1\",\n    \"lastName\": \"TestLastName1\",\n    \"email\": \"RDtest2@gmail.com\",\n    \"password\": \"Password1\",\n    \"phone\": \"0111111111\",\n    \"userStatus\": 3\n  }\n]\n);\nexpect(response.status).to.equal(200);",
              "err": {},
              "uuid": "306c5302-c6b2-4b1b-9c0d-42cce05d9587",
              "parentUUID": "db21bc18-212e-45bf-bb86-428cabc8349e",
              "isHook": false,
              "skipped": false
            },
            {
              "title": "Verify that allows Log out User",
              "fullTitle": "Pet Store Verify that allows Log out User",
              "timedOut": false,
              "duration": 123,
              "state": "passed",
              "speed": "slow",
              "pass": true,
              "fail": false,
              "pending": false,
              "context": null,
              "code": "const response = await axios.get(`${baseUrl}/user/logout`);\nexpect(response.status).to.equal(200);",
              "err": {},
              "uuid": "793ead12-3415-4aa6-9d09-c388d0d587ca",
              "parentUUID": "db21bc18-212e-45bf-bb86-428cabc8349e",
              "isHook": false,
              "skipped": false
            },
            {
              "title": "Verify that allows adding a new Pet",
              "fullTitle": "Pet Store Verify that allows adding a new Pet",
              "timedOut": false,
              "duration": 208,
              "state": "passed",
              "speed": "slow",
              "pass": true,
              "fail": false,
              "pending": false,
              "context": null,
              "code": "const response = await axios.post(`${baseUrl}/pet`, {\n  id: 11,\n  name: 'Kuper',\n  photoUrls: ['https://dog.com/kuper.jpg'],\n  status: 'available',\n});\nexpect(response.status).to.equal(200);\npetId = response.data.id;",
              "err": {},
              "uuid": "98468c0e-50d3-49b1-adc4-683bd43f201e",
              "parentUUID": "db21bc18-212e-45bf-bb86-428cabc8349e",
              "isHook": false,
              "skipped": false
            },
            {
              "title": "Verify that allows updating Pet’s image",
              "fullTitle": "Pet Store Verify that allows updating Pet’s image",
              "timedOut": false,
              "duration": 198,
              "state": "passed",
              "speed": "slow",
              "pass": true,
              "fail": false,
              "pending": false,
              "context": null,
              "code": "const response = await axios.post(`${baseUrl}/pet/`, {\n    \"id\": 11,\n    photoUrls: ['https://Dog.com/KuperNew.jpg'],\n  });\n  \n  expect(response.status).to.equal(200);",
              "err": {},
              "uuid": "61bb8b64-b2a1-46cc-9fc6-c49944a4ad82",
              "parentUUID": "db21bc18-212e-45bf-bb86-428cabc8349e",
              "isHook": false,
              "skipped": false
            },
            {
              "title": "Verify that allows updating Pet’s name and status",
              "fullTitle": "Pet Store Verify that allows updating Pet’s name and status",
              "timedOut": false,
              "duration": 120,
              "state": "passed",
              "speed": "slow",
              "pass": true,
              "fail": false,
              "pending": false,
              "context": null,
              "code": "const response = await axios.post(`${baseUrl}/pet`, {\n  \"id\": 11,\n  \"name\": \"KuperNewName\",\n  \"status\": \"UpdatedStatus\"\n});\n\nexpect(response.status).to.equal(200);",
              "err": {},
              "uuid": "a3323e71-30e9-46a3-a554-ff42948af49b",
              "parentUUID": "db21bc18-212e-45bf-bb86-428cabc8349e",
              "isHook": false,
              "skipped": false
            },
            {
              "title": "Verify that allows deleting Pet ",
              "fullTitle": "Pet Store Verify that allows deleting Pet ",
              "timedOut": false,
              "duration": 119,
              "state": "passed",
              "speed": "slow",
              "pass": true,
              "fail": false,
              "pending": false,
              "context": null,
              "code": "const response = await axios.delete(`${baseUrl}/pet/${petId}`);\nexpect(response.status).to.equal(200);",
              "err": {},
              "uuid": "c0b7c607-0f4d-4b5a-9dee-5629aea918ca",
              "parentUUID": "db21bc18-212e-45bf-bb86-428cabc8349e",
              "isHook": false,
              "skipped": false
            }
          ],
          "suites": [],
          "passes": [
            "a21f5733-3588-43e8-b7c0-fdedd767b56a",
            "8d43aaa2-4976-4d05-80df-38856433d3da",
            "306c5302-c6b2-4b1b-9c0d-42cce05d9587",
            "793ead12-3415-4aa6-9d09-c388d0d587ca",
            "98468c0e-50d3-49b1-adc4-683bd43f201e",
            "61bb8b64-b2a1-46cc-9fc6-c49944a4ad82",
            "a3323e71-30e9-46a3-a554-ff42948af49b",
            "c0b7c607-0f4d-4b5a-9dee-5629aea918ca"
          ],
          "failures": [],
          "pending": [],
          "skipped": [],
          "duration": 1875,
          "root": false,
          "rootEmpty": false,
          "_timeout": 2000
        }
      ],
      "passes": [],
      "failures": [],
      "pending": [],
      "skipped": [],
      "duration": 0,
      "root": true,
      "rootEmpty": true,
      "_timeout": 2000
    }
  ],
  "meta": {
    "mocha": {
      "version": "10.2.0"
    },
    "mochawesome": {
      "options": {
        "quiet": false,
        "reportFilename": "mochawesome",
        "saveHtml": true,
        "saveJson": true,
        "consoleReporter": "spec",
        "useInlineDiffs": false,
        "code": true
      },
      "version": "7.1.3"
    },
    "marge": {
      "options": null,
      "version": "6.2.0"
    }
  }
}